<?xml version="1.0" encoding="UTF-8"?>
<!-- Generated by org.testng.reporters.JUnitXMLReporter -->
<testsuite ignored="0" hostname="SmartpointsiMac" failures="1" tests="1" name="Default test(failed)" time="11.423" errors="0" timestamp="2021-09-04T09:38:44 PDT">
  <testcase classname="iosdemo.webAutomation" name="steup" time="11.399">
    <failure type="org.openqa.selenium.SessionNotCreatedException" message="session not created: This version of ChromeDriver only supports Chrome version 91
Current browser version is 93.0.4577.63 with binary path /Applications/Google Chrome.app/Contents/MacOS/Google Chrome
Build info: version: &amp;apos;3.141.59&amp;apos;, revision: &amp;apos;e82be7d358&amp;apos;, time: &amp;apos;2018-11-14T08:17:03&amp;apos;
System info: host: &amp;apos;SmartpointsiMac&amp;apos;, ip: &amp;apos;192.168.225.241&amp;apos;, os.name: &amp;apos;Mac OS X&amp;apos;, os.arch: &amp;apos;x86_64&amp;apos;, os.version: &amp;apos;11.2&amp;apos;, java.version: &amp;apos;16.0.1&amp;apos;
Driver info: driver.version: ChromeDriver
remote stacktrace: 0   chromedriver                        0x0000000106a97029 chromedriver + 2740265
1   chromedriver                        0x000000010714acd3 chromedriver + 9768147
2   chromedriver                        0x0000000106826d58 chromedriver + 183640
3   chromedriver                        0x000000010684c6d6 chromedriver + 337622
4   chromedriver                        0x00000001068483c3 chromedriver + 320451
5   chromedriver                        0x0000000106844a56 chromedriver + 305750
6   chromedriver                        0x000000010687ced0 chromedriver + 536272
7   chromedriver                        0x0000000106877d63 chromedriver + 515427
8   chromedriver                        0x000000010684e901 chromedriver + 346369
9   chromedriver                        0x000000010684fb35 chromedriver + 351029
10  chromedriver                        0x0000000106a5eb4c chromedriver + 2509644
11  chromedriver                        0x0000000106a71a81 chromedriver + 2587265
12  chromedriver                        0x0000000106a444f1 chromedriver + 2401521
13  chromedriver                        0x0000000106a72e4f chromedriver + 2592335
14  chromedriver                        0x0000000106a54aec chromedriver + 2468588
15  chromedriver                        0x0000000106a8c358 chromedriver + 2696024
16  chromedriver                        0x0000000106a8c4eb chromedriver + 2696427
17  chromedriver                        0x0000000106a9bf38 chromedriver + 2760504
18  libsystem_pthread.dylib             0x00007fff20590950 _pthread_start + 224
19  libsystem_pthread.dylib             0x00007fff2058c47b thread_start + 15
">
      <![CDATA[org.openqa.selenium.SessionNotCreatedException: session not created: This version of ChromeDriver only supports Chrome version 91
Current browser version is 93.0.4577.63 with binary path /Applications/Google Chrome.app/Contents/MacOS/Google Chrome
Build info: version: '3.141.59', revision: 'e82be7d358', time: '2018-11-14T08:17:03'
System info: host: 'SmartpointsiMac', ip: '192.168.225.241', os.name: 'Mac OS X', os.arch: 'x86_64', os.version: '11.2', java.version: '16.0.1'
Driver info: driver.version: ChromeDriver
remote stacktrace: 0   chromedriver                        0x0000000106a97029 chromedriver + 2740265
1   chromedriver                        0x000000010714acd3 chromedriver + 9768147
2   chromedriver                        0x0000000106826d58 chromedriver + 183640
3   chromedriver                        0x000000010684c6d6 chromedriver + 337622
4   chromedriver                        0x00000001068483c3 chromedriver + 320451
5   chromedriver                        0x0000000106844a56 chromedriver + 305750
6   chromedriver                        0x000000010687ced0 chromedriver + 536272
7   chromedriver                        0x0000000106877d63 chromedriver + 515427
8   chromedriver                        0x000000010684e901 chromedriver + 346369
9   chromedriver                        0x000000010684fb35 chromedriver + 351029
10  chromedriver                        0x0000000106a5eb4c chromedriver + 2509644
11  chromedriver                        0x0000000106a71a81 chromedriver + 2587265
12  chromedriver                        0x0000000106a444f1 chromedriver + 2401521
13  chromedriver                        0x0000000106a72e4f chromedriver + 2592335
14  chromedriver                        0x0000000106a54aec chromedriver + 2468588
15  chromedriver                        0x0000000106a8c358 chromedriver + 2696024
16  chromedriver                        0x0000000106a8c4eb chromedriver + 2696427
17  chromedriver                        0x0000000106a9bf38 chromedriver + 2760504
18  libsystem_pthread.dylib             0x00007fff20590950 _pthread_start + 224
19  libsystem_pthread.dylib             0x00007fff2058c47b thread_start + 15

at org.openqa.selenium.remote.W3CHandshakeResponse.lambda$errorHandler$0(W3CHandshakeResponse.java:62)
at org.openqa.selenium.remote.HandshakeResponse.lambda$getResponseFunction$0(HandshakeResponse.java:30)
at org.openqa.selenium.remote.ProtocolHandshake.lambda$createSession$0(ProtocolHandshake.java:126)
at java.base/java.util.stream.ReferencePipeline$3$1.accept(ReferencePipeline.java:197)
at java.base/java.util.Spliterators$ArraySpliterator.tryAdvance(Spliterators.java:958)
at java.base/java.util.stream.ReferencePipeline.forEachWithCancel(ReferencePipeline.java:129)
at java.base/java.util.stream.AbstractPipeline.copyIntoWithCancel(AbstractPipeline.java:502)
at java.base/java.util.stream.AbstractPipeline.copyInto(AbstractPipeline.java:488)
at java.base/java.util.stream.AbstractPipeline.wrapAndCopyInto(AbstractPipeline.java:474)
at java.base/java.util.stream.FindOps$FindOp.evaluateSequential(FindOps.java:150)
at java.base/java.util.stream.AbstractPipeline.evaluate(AbstractPipeline.java:234)
at java.base/java.util.stream.ReferencePipeline.findFirst(ReferencePipeline.java:647)
at org.openqa.selenium.remote.ProtocolHandshake.createSession(ProtocolHandshake.java:128)
at org.openqa.selenium.remote.ProtocolHandshake.createSession(ProtocolHandshake.java:74)
at org.openqa.selenium.remote.HttpCommandExecutor.execute(HttpCommandExecutor.java:136)
at org.openqa.selenium.remote.service.DriverCommandExecutor.execute(DriverCommandExecutor.java:83)
at org.openqa.selenium.remote.RemoteWebDriver.execute(RemoteWebDriver.java:552)
at org.openqa.selenium.remote.RemoteWebDriver.startSession(RemoteWebDriver.java:213)
at org.openqa.selenium.remote.RemoteWebDriver.<init>(RemoteWebDriver.java:131)
at org.openqa.selenium.chrome.ChromeDriver.<init>(ChromeDriver.java:181)
at org.openqa.selenium.chrome.ChromeDriver.<init>(ChromeDriver.java:168)
at org.openqa.selenium.chrome.ChromeDriver.<init>(ChromeDriver.java:123)
at iosdemo.webAutomation.steup(webAutomation.java:78)
at java.base/java.util.ArrayList.forEach(ArrayList.java:1511)
... Removed 32 stack frames]]>
    </failure>
  </testcase> <!-- steup -->
</testsuite> <!-- Default test(failed) -->
